{"/home/breno/workspace/pokemon-tcg/src/API.js": {"path":"/home/breno/workspace/pokemon-tcg/src/API.js","statementMap":{"0":{"start":{"line":2,"column":12},"end":{"line":18,"column":3}},"1":{"start":{"line":4,"column":18},"end":{"line":4,"column":65}},"2":{"start":{"line":5,"column":22},"end":{"line":10,"column":7}},"3":{"start":{"line":11,"column":23},"end":{"line":11,"column":48}},"4":{"start":{"line":12,"column":6},"end":{"line":12,"column":29}},"5":{"start":{"line":15,"column":23},"end":{"line":15,"column":59}},"6":{"start":{"line":17,"column":29},"end":{"line":17,"column":65}},"7":{"start":{"line":20,"column":16},"end":{"line":50,"column":3}},"8":{"start":{"line":22,"column":18},"end":{"line":22,"column":121}},"9":{"start":{"line":23,"column":22},"end":{"line":29,"column":7}},"10":{"start":{"line":30,"column":23},"end":{"line":30,"column":48}},"11":{"start":{"line":31,"column":6},"end":{"line":31,"column":60}},"12":{"start":{"line":34,"column":20},"end":{"line":34,"column":60}},"13":{"start":{"line":37,"column":22},"end":{"line":39,"column":7}},"14":{"start":{"line":40,"column":6},"end":{"line":40,"column":64}},"15":{"start":{"line":43,"column":29},"end":{"line":43,"column":90}},"16":{"start":{"line":45,"column":33},"end":{"line":45,"column":89}},"17":{"start":{"line":47,"column":33},"end":{"line":47,"column":98}},"18":{"start":{"line":49,"column":41},"end":{"line":49,"column":105}},"19":{"start":{"line":53,"column":12},"end":{"line":53,"column":21}}},"fnMap":{"0":{"name":"(anonymous_0)","decl":{"start":{"line":3,"column":13},"end":{"line":3,"column":14}},"loc":{"start":{"line":3,"column":30},"end":{"line":13,"column":5}},"line":3},"1":{"name":"(anonymous_1)","decl":{"start":{"line":15,"column":17},"end":{"line":15,"column":18}},"loc":{"start":{"line":15,"column":23},"end":{"line":15,"column":59}},"line":15},"2":{"name":"(anonymous_2)","decl":{"start":{"line":17,"column":17},"end":{"line":17,"column":18}},"loc":{"start":{"line":17,"column":29},"end":{"line":17,"column":65}},"line":17},"3":{"name":"(anonymous_3)","decl":{"start":{"line":21,"column":13},"end":{"line":21,"column":14}},"loc":{"start":{"line":21,"column":47},"end":{"line":32,"column":5}},"line":21},"4":{"name":"(anonymous_4)","decl":{"start":{"line":34,"column":14},"end":{"line":34,"column":15}},"loc":{"start":{"line":34,"column":20},"end":{"line":34,"column":60}},"line":34},"5":{"name":"(anonymous_5)","decl":{"start":{"line":36,"column":14},"end":{"line":36,"column":15}},"loc":{"start":{"line":36,"column":26},"end":{"line":41,"column":5}},"line":36},"6":{"name":"(anonymous_6)","decl":{"start":{"line":43,"column":17},"end":{"line":43,"column":18}},"loc":{"start":{"line":43,"column":29},"end":{"line":43,"column":90}},"line":43},"7":{"name":"(anonymous_7)","decl":{"start":{"line":45,"column":17},"end":{"line":45,"column":18}},"loc":{"start":{"line":45,"column":33},"end":{"line":45,"column":89}},"line":45},"8":{"name":"(anonymous_8)","decl":{"start":{"line":47,"column":21},"end":{"line":47,"column":22}},"loc":{"start":{"line":47,"column":33},"end":{"line":47,"column":98}},"line":47},"9":{"name":"(anonymous_9)","decl":{"start":{"line":49,"column":21},"end":{"line":49,"column":22}},"loc":{"start":{"line":49,"column":41},"end":{"line":49,"column":105}},"line":49}},"branchMap":{"0":{"loc":{"start":{"line":31,"column":13},"end":{"line":31,"column":59}},"type":"cond-expr","locations":[{"start":{"line":31,"column":33},"end":{"line":31,"column":41}},{"start":{"line":31,"column":44},"end":{"line":31,"column":59}}],"line":31}},"s":{"0":1,"1":0,"2":0,"3":0,"4":0,"5":0,"6":0,"7":1,"8":0,"9":0,"10":0,"11":0,"12":0,"13":0,"14":0,"15":0,"16":0,"17":0,"18":0,"19":1},"f":{"0":0,"1":0,"2":0,"3":0,"4":0,"5":0,"6":0,"7":0,"8":0,"9":0},"b":{"0":[0,0]},"_coverageSchema":"1a1c01bbd47fc00a2c39e90264f33305004495a9","hash":"cedcba383e414d4ac1444b681ca8569bae2c71e0"}
,"/home/breno/workspace/pokemon-tcg/src/comments.js": {"path":"/home/breno/workspace/pokemon-tcg/src/comments.js","statementMap":{"0":{"start":{"line":3,"column":22},"end":{"line":3,"column":63}},"1":{"start":{"line":5,"column":36},"end":{"line":10,"column":1}},"2":{"start":{"line":6,"column":2},"end":{"line":9,"column":5}},"3":{"start":{"line":7,"column":4},"end":{"line":7,"column":42}},"4":{"start":{"line":8,"column":4},"end":{"line":8,"column":33}},"5":{"start":{"line":12,"column":26},"end":{"line":43,"column":1}},"6":{"start":{"line":13,"column":2},"end":{"line":42,"column":7}},"7":{"start":{"line":15,"column":26},"end":{"line":15,"column":38}},"8":{"start":{"line":16,"column":28},"end":{"line":16,"column":56}},"9":{"start":{"line":17,"column":6},"end":{"line":39,"column":12}},"10":{"start":{"line":40,"column":6},"end":{"line":40,"column":47}},"11":{"start":{"line":41,"column":6},"end":{"line":41,"column":72}},"12":{"start":{"line":45,"column":29},"end":{"line":52,"column":1}},"13":{"start":{"line":46,"column":26},"end":{"line":46,"column":68}},"14":{"start":{"line":47,"column":2},"end":{"line":51,"column":5}},"15":{"start":{"line":48,"column":4},"end":{"line":50,"column":7}},"16":{"start":{"line":49,"column":6},"end":{"line":49,"column":43}}},"fnMap":{"0":{"name":"(anonymous_0)","decl":{"start":{"line":5,"column":36},"end":{"line":5,"column":37}},"loc":{"start":{"line":5,"column":50},"end":{"line":10,"column":1}},"line":5},"1":{"name":"(anonymous_1)","decl":{"start":{"line":6,"column":37},"end":{"line":6,"column":38}},"loc":{"start":{"line":6,"column":43},"end":{"line":9,"column":3}},"line":6},"2":{"name":"(anonymous_2)","decl":{"start":{"line":12,"column":26},"end":{"line":12,"column":27}},"loc":{"start":{"line":12,"column":38},"end":{"line":43,"column":1}},"line":12},"3":{"name":"(anonymous_3)","decl":{"start":{"line":14,"column":10},"end":{"line":14,"column":11}},"loc":{"start":{"line":14,"column":20},"end":{"line":42,"column":5}},"line":14},"4":{"name":"(anonymous_4)","decl":{"start":{"line":45,"column":29},"end":{"line":45,"column":30}},"loc":{"start":{"line":45,"column":35},"end":{"line":52,"column":1}},"line":45},"5":{"name":"(anonymous_5)","decl":{"start":{"line":47,"column":26},"end":{"line":47,"column":27}},"loc":{"start":{"line":47,"column":38},"end":{"line":51,"column":3}},"line":47},"6":{"name":"(anonymous_6)","decl":{"start":{"line":48,"column":37},"end":{"line":48,"column":38}},"loc":{"start":{"line":48,"column":43},"end":{"line":50,"column":5}},"line":48}},"branchMap":{},"s":{"0":1,"1":1,"2":0,"3":0,"4":0,"5":1,"6":0,"7":0,"8":0,"9":0,"10":0,"11":0,"12":1,"13":0,"14":0,"15":0,"16":0},"f":{"0":0,"1":0,"2":0,"3":0,"4":0,"5":0,"6":0},"b":{},"_coverageSchema":"1a1c01bbd47fc00a2c39e90264f33305004495a9","hash":"1043929d83ff1f6db184c79b3cbdf05ad2ce6d0f"}
,"/home/breno/workspace/pokemon-tcg/src/home.js": {"path":"/home/breno/workspace/pokemon-tcg/src/home.js","statementMap":{"0":{"start":{"line":5,"column":21},"end":{"line":5,"column":61}},"1":{"start":{"line":7,"column":25},"end":{"line":19,"column":1}},"2":{"start":{"line":8,"column":26},"end":{"line":8,"column":66}},"3":{"start":{"line":9,"column":22},"end":{"line":9,"column":42}},"4":{"start":{"line":10,"column":2},"end":{"line":18,"column":7}},"5":{"start":{"line":12,"column":6},"end":{"line":17,"column":9}},"6":{"start":{"line":13,"column":28},"end":{"line":13,"column":99}},"7":{"start":{"line":13,"column":58},"end":{"line":13,"column":98}},"8":{"start":{"line":14,"column":8},"end":{"line":16,"column":9}},"9":{"start":{"line":15,"column":10},"end":{"line":15,"column":63}},"10":{"start":{"line":21,"column":22},"end":{"line":26,"column":1}},"11":{"start":{"line":22,"column":19},"end":{"line":22,"column":45}},"12":{"start":{"line":23,"column":18},"end":{"line":23,"column":50}},"13":{"start":{"line":24,"column":19},"end":{"line":24,"column":47}},"14":{"start":{"line":25,"column":2},"end":{"line":25,"column":22}},"15":{"start":{"line":28,"column":24},"end":{"line":37,"column":1}},"16":{"start":{"line":29,"column":2},"end":{"line":36,"column":5}},"17":{"start":{"line":30,"column":20},"end":{"line":30,"column":28}},"18":{"start":{"line":31,"column":24},"end":{"line":31,"column":50}},"19":{"start":{"line":32,"column":4},"end":{"line":35,"column":5}},"20":{"start":{"line":33,"column":6},"end":{"line":33,"column":82}},"21":{"start":{"line":34,"column":6},"end":{"line":34,"column":55}},"22":{"start":{"line":39,"column":19},"end":{"line":43,"column":1}},"23":{"start":{"line":40,"column":21},"end":{"line":40,"column":62}},"24":{"start":{"line":41,"column":2},"end":{"line":41,"column":75}},"25":{"start":{"line":42,"column":2},"end":{"line":42,"column":20}},"26":{"start":{"line":45,"column":24},"end":{"line":79,"column":1}},"27":{"start":{"line":46,"column":2},"end":{"line":78,"column":7}},"28":{"start":{"line":48,"column":23},"end":{"line":48,"column":45}},"29":{"start":{"line":49,"column":6},"end":{"line":65,"column":9}},"30":{"start":{"line":50,"column":24},"end":{"line":63,"column":9}},"31":{"start":{"line":64,"column":8},"end":{"line":64,"column":42}},"32":{"start":{"line":66,"column":6},"end":{"line":66,"column":22}},"33":{"start":{"line":69,"column":6},"end":{"line":69,"column":19}},"34":{"start":{"line":70,"column":6},"end":{"line":70,"column":24}},"35":{"start":{"line":71,"column":6},"end":{"line":71,"column":25}},"36":{"start":{"line":74,"column":6},"end":{"line":74,"column":29}},"37":{"start":{"line":77,"column":6},"end":{"line":77,"column":32}}},"fnMap":{"0":{"name":"(anonymous_0)","decl":{"start":{"line":7,"column":25},"end":{"line":7,"column":26}},"loc":{"start":{"line":7,"column":31},"end":{"line":19,"column":1}},"line":7},"1":{"name":"(anonymous_1)","decl":{"start":{"line":11,"column":10},"end":{"line":11,"column":11}},"loc":{"start":{"line":11,"column":24},"end":{"line":18,"column":5}},"line":11},"2":{"name":"(anonymous_2)","decl":{"start":{"line":12,"column":23},"end":{"line":12,"column":24}},"loc":{"start":{"line":12,"column":38},"end":{"line":17,"column":7}},"line":12},"3":{"name":"(anonymous_3)","decl":{"start":{"line":13,"column":45},"end":{"line":13,"column":46}},"loc":{"start":{"line":13,"column":58},"end":{"line":13,"column":98}},"line":13},"4":{"name":"(anonymous_4)","decl":{"start":{"line":21,"column":22},"end":{"line":21,"column":23}},"loc":{"start":{"line":21,"column":37},"end":{"line":26,"column":1}},"line":21},"5":{"name":"(anonymous_5)","decl":{"start":{"line":28,"column":24},"end":{"line":28,"column":25}},"loc":{"start":{"line":28,"column":30},"end":{"line":37,"column":1}},"line":28},"6":{"name":"(anonymous_6)","decl":{"start":{"line":29,"column":37},"end":{"line":29,"column":38}},"loc":{"start":{"line":29,"column":44},"end":{"line":36,"column":3}},"line":29},"7":{"name":"(anonymous_7)","decl":{"start":{"line":39,"column":19},"end":{"line":39,"column":20}},"loc":{"start":{"line":39,"column":25},"end":{"line":43,"column":1}},"line":39},"8":{"name":"(anonymous_8)","decl":{"start":{"line":45,"column":24},"end":{"line":45,"column":25}},"loc":{"start":{"line":45,"column":30},"end":{"line":79,"column":1}},"line":45},"9":{"name":"(anonymous_9)","decl":{"start":{"line":47,"column":10},"end":{"line":47,"column":11}},"loc":{"start":{"line":47,"column":20},"end":{"line":67,"column":5}},"line":47},"10":{"name":"(anonymous_10)","decl":{"start":{"line":49,"column":23},"end":{"line":49,"column":24}},"loc":{"start":{"line":49,"column":33},"end":{"line":65,"column":7}},"line":49},"11":{"name":"(anonymous_11)","decl":{"start":{"line":68,"column":10},"end":{"line":68,"column":11}},"loc":{"start":{"line":68,"column":16},"end":{"line":72,"column":5}},"line":68},"12":{"name":"(anonymous_12)","decl":{"start":{"line":73,"column":10},"end":{"line":73,"column":11}},"loc":{"start":{"line":73,"column":16},"end":{"line":75,"column":5}},"line":73},"13":{"name":"(anonymous_13)","decl":{"start":{"line":76,"column":10},"end":{"line":76,"column":11}},"loc":{"start":{"line":76,"column":16},"end":{"line":78,"column":5}},"line":76}},"branchMap":{"0":{"loc":{"start":{"line":14,"column":8},"end":{"line":16,"column":9}},"type":"if","locations":[{"start":{"line":14,"column":8},"end":{"line":16,"column":9}},{"start":{"line":14,"column":8},"end":{"line":16,"column":9}}],"line":14},"1":{"loc":{"start":{"line":32,"column":4},"end":{"line":35,"column":5}},"type":"if","locations":[{"start":{"line":32,"column":4},"end":{"line":35,"column":5}},{"start":{"line":32,"column":4},"end":{"line":35,"column":5}}],"line":32}},"s":{"0":1,"1":1,"2":0,"3":0,"4":0,"5":0,"6":0,"7":0,"8":0,"9":0,"10":1,"11":0,"12":0,"13":0,"14":0,"15":1,"16":0,"17":0,"18":0,"19":0,"20":0,"21":0,"22":1,"23":2,"24":2,"25":2,"26":1,"27":0,"28":0,"29":0,"30":0,"31":0,"32":0,"33":0,"34":0,"35":0,"36":0,"37":0},"f":{"0":0,"1":0,"2":0,"3":0,"4":0,"5":0,"6":0,"7":2,"8":0,"9":0,"10":0,"11":0,"12":0,"13":0},"b":{"0":[0,0],"1":[0,0]},"_coverageSchema":"1a1c01bbd47fc00a2c39e90264f33305004495a9","hash":"76d7ff72d3026d237cd08e2f4866c6f55a4f31aa"}
,"/home/breno/workspace/pokemon-tcg/src/reservations.js": {"path":"/home/breno/workspace/pokemon-tcg/src/reservations.js","statementMap":{"0":{"start":{"line":3,"column":25},"end":{"line":3,"column":70}},"1":{"start":{"line":5,"column":28},"end":{"line":10,"column":1}},"2":{"start":{"line":6,"column":2},"end":{"line":9,"column":5}},"3":{"start":{"line":7,"column":4},"end":{"line":7,"column":45}},"4":{"start":{"line":8,"column":4},"end":{"line":8,"column":36}},"5":{"start":{"line":12,"column":18},"end":{"line":64,"column":1}},"6":{"start":{"line":13,"column":2},"end":{"line":63,"column":7}},"7":{"start":{"line":15,"column":26},"end":{"line":15,"column":38}},"8":{"start":{"line":16,"column":28},"end":{"line":16,"column":56}},"9":{"start":{"line":17,"column":6},"end":{"line":40,"column":12}},"10":{"start":{"line":41,"column":6},"end":{"line":41,"column":50}},"11":{"start":{"line":42,"column":6},"end":{"line":62,"column":11}},"12":{"start":{"line":44,"column":10},"end":{"line":60,"column":11}},"13":{"start":{"line":45,"column":39},"end":{"line":45,"column":85}},"14":{"start":{"line":46,"column":12},"end":{"line":53,"column":10}},"15":{"start":{"line":54,"column":37},"end":{"line":54,"column":81}},"16":{"start":{"line":55,"column":12},"end":{"line":59,"column":15}},"17":{"start":{"line":56,"column":14},"end":{"line":58,"column":12}},"18":{"start":{"line":61,"column":10},"end":{"line":61,"column":68}},"19":{"start":{"line":66,"column":32},"end":{"line":73,"column":1}},"20":{"start":{"line":67,"column":29},"end":{"line":67,"column":75}},"21":{"start":{"line":68,"column":2},"end":{"line":72,"column":5}},"22":{"start":{"line":69,"column":4},"end":{"line":71,"column":7}},"23":{"start":{"line":70,"column":6},"end":{"line":70,"column":35}}},"fnMap":{"0":{"name":"(anonymous_0)","decl":{"start":{"line":5,"column":28},"end":{"line":5,"column":29}},"loc":{"start":{"line":5,"column":42},"end":{"line":10,"column":1}},"line":5},"1":{"name":"(anonymous_1)","decl":{"start":{"line":6,"column":37},"end":{"line":6,"column":38}},"loc":{"start":{"line":6,"column":43},"end":{"line":9,"column":3}},"line":6},"2":{"name":"(anonymous_2)","decl":{"start":{"line":12,"column":18},"end":{"line":12,"column":19}},"loc":{"start":{"line":12,"column":30},"end":{"line":64,"column":1}},"line":12},"3":{"name":"(anonymous_3)","decl":{"start":{"line":14,"column":10},"end":{"line":14,"column":11}},"loc":{"start":{"line":14,"column":20},"end":{"line":63,"column":5}},"line":14},"4":{"name":"(anonymous_4)","decl":{"start":{"line":43,"column":14},"end":{"line":43,"column":15}},"loc":{"start":{"line":43,"column":32},"end":{"line":62,"column":9}},"line":43},"5":{"name":"(anonymous_5)","decl":{"start":{"line":55,"column":33},"end":{"line":55,"column":34}},"loc":{"start":{"line":55,"column":50},"end":{"line":59,"column":13}},"line":55},"6":{"name":"(anonymous_6)","decl":{"start":{"line":66,"column":32},"end":{"line":66,"column":33}},"loc":{"start":{"line":66,"column":38},"end":{"line":73,"column":1}},"line":66},"7":{"name":"(anonymous_7)","decl":{"start":{"line":68,"column":29},"end":{"line":68,"column":30}},"loc":{"start":{"line":68,"column":41},"end":{"line":72,"column":3}},"line":68},"8":{"name":"(anonymous_8)","decl":{"start":{"line":69,"column":37},"end":{"line":69,"column":38}},"loc":{"start":{"line":69,"column":43},"end":{"line":71,"column":5}},"line":69}},"branchMap":{"0":{"loc":{"start":{"line":44,"column":10},"end":{"line":60,"column":11}},"type":"if","locations":[{"start":{"line":44,"column":10},"end":{"line":60,"column":11}},{"start":{"line":44,"column":10},"end":{"line":60,"column":11}}],"line":44}},"s":{"0":1,"1":1,"2":0,"3":0,"4":0,"5":1,"6":0,"7":0,"8":0,"9":0,"10":0,"11":0,"12":0,"13":0,"14":0,"15":0,"16":0,"17":0,"18":0,"19":1,"20":0,"21":0,"22":0,"23":0},"f":{"0":0,"1":0,"2":0,"3":0,"4":0,"5":0,"6":0,"7":0,"8":0},"b":{"0":[0,0]},"_coverageSchema":"1a1c01bbd47fc00a2c39e90264f33305004495a9","hash":"1452ee5513d175bc8c5080edf3d8cfe3ffc09829"}
}
